{ mode: 'production',
  devtool: '',
  entry:
   { main:
      [ './src/assets/css/main.scss',
        './src/assets/js/main',
        [length]: 2 ],
     account:
      [ '/Users/max/Sites/ratio-et-motus/src/modules/account/account-address/account-address.scss',
        '/Users/max/Sites/ratio-et-motus/src/modules/account/account-forms/account-forms.scss',
        '/Users/max/Sites/ratio-et-motus/src/modules/account/account-nav/account-nav.scss',
        '/Users/max/Sites/ratio-et-motus/src/modules/account/account-new-address/account-new-address.scss',
        '/Users/max/Sites/ratio-et-motus/src/modules/account/account-order-address/account-order-address.scss',
        '/Users/max/Sites/ratio-et-motus/src/modules/account/account-order-details/account-order-details.scss',
        '/Users/max/Sites/ratio-et-motus/src/modules/account/account-order-grid/account-order-grid.scss',
        '/Users/max/Sites/ratio-et-motus/src/modules/account/alert/alert.scss',
        '/Users/max/Sites/ratio-et-motus/src/modules/account/challenge/challenge.scss',
        '/Users/max/Sites/ratio-et-motus/src/modules/account/page-title/page-title.scss',
        [length]: 10 ],
     cart:
      [ '/Users/max/Sites/ratio-et-motus/src/modules/cart/cart/cart.scss',
        '/Users/max/Sites/ratio-et-motus/src/modules/cart/cart-dropdown/cart-dropdown.scss',
        [length]: 2 ],
     header:
      [ '/Users/max/Sites/ratio-et-motus/src/modules/header/header/header.scss',
        '/Users/max/Sites/ratio-et-motus/src/modules/header/logo/logo.scss',
        '/Users/max/Sites/ratio-et-motus/src/modules/header/header-cart-icon/header-cart-icon.scss',
        [length]: 3 ],
     global:
      [ '/Users/max/Sites/ratio-et-motus/src/modules/global/button/button.scss',
        '/Users/max/Sites/ratio-et-motus/src/modules/global/checkbox/checkbox.scss',
        '/Users/max/Sites/ratio-et-motus/src/modules/global/contact-form/contact-form.scss',
        '/Users/max/Sites/ratio-et-motus/src/modules/global/empty-view/empty-view.scss',
        '/Users/max/Sites/ratio-et-motus/src/modules/global/image/image.scss',
        '/Users/max/Sites/ratio-et-motus/src/modules/global/item/item.scss',
        '/Users/max/Sites/ratio-et-motus/src/modules/global/load-animation/load-animation.scss',
        '/Users/max/Sites/ratio-et-motus/src/modules/global/newsletter-form/newsletter-form.scss',
        '/Users/max/Sites/ratio-et-motus/src/modules/global/pagination/pagination.scss',
        '/Users/max/Sites/ratio-et-motus/src/modules/global/product-card/product-card.scss',
        '/Users/max/Sites/ratio-et-motus/src/modules/global/radio-button/radio-button.scss',
        '/Users/max/Sites/ratio-et-motus/src/modules/global/select-input/select-input.scss',
        '/Users/max/Sites/ratio-et-motus/src/modules/global/slider/slider.scss',
        '/Users/max/Sites/ratio-et-motus/src/modules/global/socials/socials.scss',
        '/Users/max/Sites/ratio-et-motus/src/modules/global/text-input/text-input.scss',
        '/Users/max/Sites/ratio-et-motus/src/modules/global/video/video.scss',
        '/Users/max/Sites/ratio-et-motus/src/modules/global/wysiwyg/wysiwyg.scss',
        [length]: 17 ],
     nav:
      [ '/Users/max/Sites/ratio-et-motus/src/modules/nav/nav/nav.scss',
        '/Users/max/Sites/ratio-et-motus/src/modules/nav/nav-secondary/nav-secondary.scss',
        [length]: 2 ] },
  output:
   { path: '/Users/max/Sites/ratio-et-motus/dist/assets',
     filename: '[name].js',
     chunkFilename: '[name].js?version=1583974336612',
     publicPath: '/dev/' },
  resolve:
   { modules:
      [ '/Users/max/Sites/@halfhelix:kit/packages/webpacker/node_modules',
        'node_modules',
        [length]: 2 ],
     alias:
      { lib: '/Users/max/Sites/ratio-et-motus/src/assets/js/lib',
        utils: '/Users/max/Sites/ratio-et-motus/src/assets/js/utils',
        store: '/Users/max/Sites/ratio-et-motus/src/assets/js/store',
        mixins: '/Users/max/Sites/ratio-et-motus/src/assets/js/mixins',
        modules: '/Users/max/Sites/ratio-et-motus/src/modules',
        vue: 'vue/dist/vue.js' } },
  resolveLoader:
   { modules:
      [ '/Users/max/Sites/@halfhelix:kit/packages/webpacker/node_modules',
        'node_modules',
        [length]: 2 ] },
  plugins:
   [ StylelintWebpackPlugin {
       options:
        { files:
           [ 'src/assets/scss/**/*.scss',
             'src/modules/**/*.scss',
             'src/sections/**/*.scss',
             [length]: 3 ],
          formatter:
           { [Function]
             [length]: 0,
             [name]: '',
             [prototype]:
              { [constructor]:
                 { [Function] [length]: 0, [name]: '', [prototype]: [Circular] } } },
          stylelintPath:
           '/Users/max/Sites/@halfhelix:kit/packages/webpacker/node_modules/stylelint' } },
     ExtractTextPlugin { filename: '[name].min.css.liquid', id: 1, options: {} },
     BabelMinifyPlugin {
       plugin: { name: 'BabelMinifyPlugin' },
       options:
        { parserOpts: {},
          minifyPreset:
           { [Function: preset]
             [length]: 1,
             [name]: 'preset',
             [prototype]: preset { [constructor]: [Circular] } },
          minifyOpts: {},
          babel:
           { transform:
              { [Function: bound transform] [length]: 2, [name]: 'bound transform' } },
          comments: { /^\**!|@preserve|@license|@cc_on/ [lastIndex]: 0 },
          sourceMap: undefined,
          test: { /\.js($|\?)/i [lastIndex]: 0 },
          include: undefined,
          exclude: undefined } },
     NoEmitOnErrorsPlugin {},
     DefinePlugin {
       definitions:
        { 'process.env.NODE_ENV': '"production"',
          DEBUG: false,
          KIT_VERSION: '"0.0.1-beta.1"' } },
     DynamicPublicPathPlugin {
       options: { externalGlobal: '__GLOBAL__.cdn', chunkName: 'main' } },
     [length]: 6 ],
  externals: {},
  module:
   { rules:
      [ { test: { /\.js$/ [lastIndex]: 0 },
          use:
           [ { loader:
                '/Users/max/Sites/@halfhelix:kit/packages/webpacker/node_modules/babel-loader',
               options:
                { plugins: [ '@babel/plugin-proposal-object-rest-spread', [length]: 1 ],
                  sourceMaps: true,
                  presets: [ '@babel/preset-env', [length]: 1 ] } },
             { loader:
                '/Users/max/Sites/@halfhelix:kit/packages/webpacker/node_modules/@halfhelix/glob-loader',
               options:
                { 'path.src': '/Users/max/Sites/ratio-et-motus/src',
                  autoChunk: true,
                  sortFunction: undefined } },
             [length]: 2 ] },
        { enforce: 'pre',
          test: { /\.js$/ [lastIndex]: 0 },
          exclude: { /node_modules/ [lastIndex]: 0 },
          options:
           { eslintPath:
              '/Users/max/Sites/@halfhelix:kit/packages/webpacker/node_modules/eslint',
             fix: true },
          loader:
           '/Users/max/Sites/@halfhelix:kit/packages/webpacker/node_modules/eslint-loader' },
        { test: { /\.s?css$/ [lastIndex]: 0 },
          use:
           [ 'style-loader',
             { loader:
                '/Users/max/Sites/@halfhelix:kit/packages/webpacker/node_modules/css-loader',
               options: { importLoaders: 1, sourceMap: true } },
             { loader:
                '/Users/max/Sites/@halfhelix:kit/packages/webpacker/node_modules/postcss-loader',
               options:
                { ident: 'postcss',
                  plugins:
                   [ { [Function: creator]
                       [length]: 0,
                       [name]: 'creator',
                       [prototype]: creator { [constructor]: [Circular] },
                       [postcss]: [Getter],
                       process:
                        { [Function]
                          [length]: 3,
                          [name]: '',
                          [prototype]: { [constructor]: [Circular] } },
                       data:
                        { browsers:
                           { ie: [Object],
                             edge: [Object],
                             firefox: [Object],
                             chrome: [Object],
                             safari: [Object],
                             opera: [Object],
                             ios_saf: [Object],
                             op_mini: [Object],
                             android: [Object],
                             bb: [Object],
                             op_mob: [Object],
                             and_chr: [Object],
                             and_ff: [Object],
                             ie_mob: [Object],
                             and_uc: [Object],
                             samsung: [Object],
                             and_qq: [Object],
                             baidu: [Object],
                             kaios: [Object] },
                          prefixes:
                           { 'border-radius': [Object],
                             'border-top-left-radius': [Object],
                             'border-top-right-radius': [Object],
                             'border-bottom-right-radius': [Object],
                             'border-bottom-left-radius': [Object],
                             'box-shadow': [Object],
                             animation: [Object],
                             'animation-name': [Object],
                             'animation-duration': [Object],
                             'animation-delay': [Object],
                             'animation-direction': [Object],
                             'animation-fill-mode': [Object],
                             'animation-iteration-count': [Object],
                             'animation-play-state': [Object],
                             'animation-timing-function': [Object],
                             '@keyframes': [Object],
                             transition: [Object],
                             'transition-property': [Object],
                             'transition-duration': [Object],
                             'transition-delay': [Object],
                             'transition-timing-function': [Object],
                             transform: [Object],
                             'transform-origin': [Object],
                             perspective: [Object],
                             'perspective-origin': [Object],
                             'transform-style': [Object],
                             'backface-visibility': [Object],
                             'linear-gradient': [Object],
                             'repeating-linear-gradient': [Object],
                             'radial-gradient': [Object],
                             'repeating-radial-gradient': [Object],
                             'box-sizing': [Object],
                             filter: [Object],
                             'filter-function': [Object],
                             'backdrop-filter': [Object],
                             element: [Object],
                             columns: [Object],
                             'column-width': [Object],
                             'column-gap': [Object],
                             'column-rule': [Object],
                             'column-rule-color': [Object],
                             'column-rule-width': [Object],
                             'column-count': [Object],
                             'column-rule-style': [Object],
                             'column-span': [Object],
                             'column-fill': [Object],
                             'break-before': [Object],
                             'break-after': [Object],
                             'break-inside': [Object],
                             'user-select': [Object],
                             'display-flex': [Object],
                             'inline-flex': [Object],
                             flex: [Object],
                             'flex-grow': [Object],
                             'flex-shrink': [Object],
                             'flex-basis': [Object],
                             'flex-direction': [Object],
                             'flex-wrap': [Object],
                             'flex-flow': [Object],
                             'justify-content': [Object],
                             order: [Object],
                             'align-items': [Object],
                             'align-self': [Object],
                             'align-content': [Object],
                             calc: [Object],
                             'background-origin': [Object],
                             'background-size': [Object],
                             'background-clip': [Object],
                             'font-feature-settings': [Object],
                             'font-variant-ligatures': [Object],
                             'font-language-override': [Object],
                             'font-kerning': [Object],
                             'border-image': [Object],
                             '::selection': [Object],
                             '::placeholder': [Object],
                             hyphens: [Object],
                             ':fullscreen': [Object],
                             '::backdrop': [Object],
                             'tab-size': [Object],
                             'max-content': [Object],
                             'min-content': [Object],
                             fill: [Object],
                             'fill-available': [Object],
                             stretch: [Object],
                             'fit-content': [Object],
                             'zoom-in': [Object],
                             'zoom-out': [Object],
                             grab: [Object],
                             grabbing: [Object],
                             sticky: [Object],
                             'touch-action': [Object],
                             'text-decoration-style': [Object],
                             'text-decoration-color': [Object],
                             'text-decoration-line': [Object],
                             'text-decoration': [Object],
                             'text-decoration-skip': [Object],
                             'text-decoration-skip-ink': [Object],
                             'text-size-adjust': [Object],
                             'mask-clip': [Object],
                             'mask-composite': [Object],
                             'mask-image': [Object],
                             'mask-origin': [Object],
                             'mask-repeat': [Object],
                             'mask-border-repeat': [Object],
                             'mask-border-source': [Object],
                             mask: [Object],
                             'mask-position': [Object],
                             'mask-size': [Object],
                             'mask-border': [Object],
                             'mask-border-outset': [Object],
                             'mask-border-width': [Object],
                             'mask-border-slice': [Object],
                             'clip-path': [Object],
                             'box-decoration-break': [Object],
                             'object-fit': [Object],
                             'object-position': [Object],
                             'shape-margin': [Object],
                             'shape-outside': [Object],
                             'shape-image-threshold': [Object],
                             'text-overflow': [Object],
                             '@viewport': [Object],
                             '@resolution': [Object],
                             'text-align-last': [Object],
                             pixelated: [Object],
                             'image-rendering': [Object],
                             'border-inline-start': [Object],
                             'border-inline-end': [Object],
                             'margin-inline-start': [Object],
                             'margin-inline-end': [Object],
                             'padding-inline-start': [Object],
                             'padding-inline-end': [Object],
                             'border-block-start': [Object],
                             'border-block-end': [Object],
                             'margin-block-start': [Object],
                             'margin-block-end': [Object],
                             'padding-block-start': [Object],
                             'padding-block-end': [Object],
                             appearance: [Object],
                             'scroll-snap-type': [Object],
                             'scroll-snap-coordinate': [Object],
                             'scroll-snap-destination': [Object],
                             'scroll-snap-points-x': [Object],
                             'scroll-snap-points-y': [Object],
                             'flow-into': [Object],
                             'flow-from': [Object],
                             'region-fragment': [Object],
                             'image-set': [Object],
                             'writing-mode': [Object],
                             'cross-fade': [Object],
                             ':read-only': [Object],
                             ':read-write': [Object],
                             'text-emphasis': [Object],
                             'text-emphasis-position': [Object],
                             'text-emphasis-style': [Object],
                             'text-emphasis-color': [Object],
                             'display-grid': [Object],
                             'inline-grid': [Object],
                             'grid-template-columns': [Object],
                             'grid-template-rows': [Object],
                             'grid-row-start': [Object],
                             'grid-column-start': [Object],
                             'grid-row-end': [Object],
                             'grid-column-end': [Object],
                             'grid-row': [Object],
                             'grid-column': [Object],
                             'grid-area': [Object],
                             'grid-template': [Object],
                             'grid-template-areas': [Object],
                             'place-self': [Object],
                             'grid-column-align': [Object],
                             'grid-row-align': [Object],
                             'text-spacing': [Object],
                             ':any-link': [Object],
                             isolate: [Object],
                             plaintext: [Object],
                             'isolate-override': [Object],
                             'overscroll-behavior': [Object],
                             'color-adjust': [Object],
                             'text-orientation': [Object] } },
                       defaults:
                        [ '> 0.5%',
                          'last 2 versions',
                          'Firefox ESR',
                          'not dead',
                          [length]: 4 ],
                       info:
                        { [Function]
                          [length]: 0,
                          [name]: '',
                          [prototype]: { [constructor]: [Circular] } } },
                     [length]: 1 ] } },
             { loader:
                '/Users/max/Sites/@halfhelix:kit/packages/webpacker/node_modules/sass-loader',
               options: { sourceMap: true } },
             { loader:
                '/Users/max/Sites/@halfhelix:kit/packages/webpacker/node_modules/@halfhelix/glob-loader',
               options:
                { 'path.src': '/Users/max/Sites/ratio-et-motus/src',
                  sortFunction: undefined } },
             [length]: 5 ] },
        [length]: 3 ] },
  stats: 'none',
  performance: { hints: false },
  optimization: { splitChunks: { automaticNameDelimiter: '-' } } }